feature-history/build/intermediates/manifest_merge_blame_file/debug/manifest-merger-blame-debug-report.txt
1<?xml version="1.0" encoding="utf-8"?>
2<manifest xmlns:android="http://schemas.android.com/apk/res/android"
3    package="com.example.feature_history" >
4
5    <uses-sdk
6        android:minSdkVersion="21"
6-->src/main/AndroidManifest.xml
7        android:targetSdkVersion="31" />
7-->src/main/AndroidManifest.xml
8
9    <application>
9-->src/main/AndroidManifest.xml:5:5-9:19
10        <activity
10-->src/main/AndroidManifest.xml:6:9-8:40
11            android:name="com.example.feature_history.HistoryActivity"
11-->src/main/AndroidManifest.xml:7:13-44
12            android:exported="false" />
12-->src/main/AndroidManifest.xml:8:13-37
13    </application>
14
15</manifest>